Using pre-set license
Built from '2021.3/staging' branch; Version is '2021.3.37f1 (3b6005ad5ad6) revision 3891205'; Using compiler version '192829333'; Build Type 'Release'
OS: 'Windows 10  (10.0.19045) 64bit ProfessionalWorkstation' Language: 'ko' Physical Memory: 65303 MB
BatchMode: 1, IsHumanControllingUs: 0, StartBugReporterOnCrash: 0, Is64bit: 1, IsPro: 1

COMMAND LINE ARGUMENTS:
C:\Program Files\Unity 2021.3.37f1\Editor\Unity.exe
-adb2
-batchMode
-noUpm
-name
AssetImportWorker2
-projectPath
C:/Users/컴퓨터공학과/Documents/GitHub/HCI-project/GraphicsProject
-logFile
Logs/AssetImportWorker2.log
-srvPort
52256
Successfully changed project path to: C:/Users/컴퓨터공학과/Documents/GitHub/HCI-project/GraphicsProject
C:/Users/컴퓨터공학과/Documents/GitHub/HCI-project/GraphicsProject
[UnityMemory] Configuration Parameters - Can be set up in boot.config
    "memorysetup-bucket-allocator-granularity=16"
    "memorysetup-bucket-allocator-bucket-count=8"
    "memorysetup-bucket-allocator-block-size=33554432"
    "memorysetup-bucket-allocator-block-count=8"
    "memorysetup-main-allocator-block-size=16777216"
    "memorysetup-thread-allocator-block-size=16777216"
    "memorysetup-gfx-main-allocator-block-size=16777216"
    "memorysetup-gfx-thread-allocator-block-size=16777216"
    "memorysetup-cache-allocator-block-size=4194304"
    "memorysetup-typetree-allocator-block-size=2097152"
    "memorysetup-profiler-bucket-allocator-granularity=16"
    "memorysetup-profiler-bucket-allocator-bucket-count=8"
    "memorysetup-profiler-bucket-allocator-block-size=33554432"
    "memorysetup-profiler-bucket-allocator-block-count=8"
    "memorysetup-profiler-allocator-block-size=16777216"
    "memorysetup-profiler-editor-allocator-block-size=1048576"
    "memorysetup-temp-allocator-size-main=16777216"
    "memorysetup-job-temp-allocator-block-size=2097152"
    "memorysetup-job-temp-allocator-block-size-background=1048576"
    "memorysetup-job-temp-allocator-reduction-small-platforms=262144"
    "memorysetup-temp-allocator-size-background-worker=32768"
    "memorysetup-temp-allocator-size-job-worker=262144"
    "memorysetup-temp-allocator-size-preload-manager=33554432"
    "memorysetup-temp-allocator-size-nav-mesh-worker=65536"
    "memorysetup-temp-allocator-size-audio-worker=65536"
    "memorysetup-temp-allocator-size-cloud-worker=32768"
    "memorysetup-temp-allocator-size-gi-baking-worker=262144"
    "memorysetup-temp-allocator-size-gfx=262144"
Player connection [4952] Host "[IP] 141.223.161.234 [Port] 0 [Flags] 2 [Guid] 4235066432 [EditorId] 4235066432 [Version] 1048832 [Id] WindowsEditor(7,DESKTOP-6G8THR4) [Debug] 1 [PackageName] WindowsEditor [ProjectName] Editor" joined multi-casting on [225.0.0.222:54997]...

Player connection [4952] Host "[IP] 141.223.161.234 [Port] 0 [Flags] 2 [Guid] 4235066432 [EditorId] 4235066432 [Version] 1048832 [Id] WindowsEditor(7,DESKTOP-6G8THR4) [Debug] 1 [PackageName] WindowsEditor [ProjectName] Editor" joined alternative multi-casting on [225.0.0.222:34997]...

[Physics::Module] Initialized MultithreadedJobDispatcher with {0} workers.
Refreshing native plugins compatible for Editor in 58.20 ms, found 3 plugins.
Preloading 0 native plugins for Editor in 0.00 ms.
Initialize engine version: 2021.3.37f1 (3b6005ad5ad6)
[Subsystems] Discovering subsystems at path C:/Program Files/Unity 2021.3.37f1/Editor/Data/Resources/UnitySubsystems
[Subsystems] Discovering subsystems at path C:/Users/컴퓨터공학과/Documents/GitHub/HCI-project/GraphicsProject/Assets
GfxDevice: creating device client; threaded=0; jobified=0
Direct3D:
    Version:  Direct3D 11.0 [level 11.1]
    Renderer: NVIDIA GeForce RTX 4080 SUPER (ID=0x2702)
    Vendor:   NVIDIA
    VRAM:     16047 MB
    Driver:   31.0.15.5161
Initialize mono
Mono path[0] = 'C:/Program Files/Unity 2021.3.37f1/Editor/Data/Managed'
Mono path[1] = 'C:/Program Files/Unity 2021.3.37f1/Editor/Data/MonoBleedingEdge/lib/mono/unityjit-win32'
Mono config path = 'C:/Program Files/Unity 2021.3.37f1/Editor/Data/MonoBleedingEdge/etc'
Using monoOptions --debugger-agent=transport=dt_socket,embedding=1,server=y,suspend=n,address=127.0.0.1:56776
Begin MonoManager ReloadAssembly
Registering precompiled unity dll's ...
Register platform support module: C:/Program Files/Unity 2021.3.37f1/Editor/Data/PlaybackEngines/WindowsStandaloneSupport/UnityEditor.WindowsStandalone.Extensions.dll
Registered in 0.006761 seconds.
Native extension for WindowsStandalone target not found
Refreshing native plugins compatible for Editor in 55.56 ms, found 3 plugins.
Preloading 0 native plugins for Editor in 0.00 ms.
Mono: successfully reloaded assembly
- Completed reload, in  0.542 seconds
Domain Reload Profiling:
	ReloadAssembly (543ms)
		BeginReloadAssembly (77ms)
			ExecutionOrderSort (0ms)
			DisableScriptedObjects (0ms)
			BackupInstance (0ms)
			ReleaseScriptingObjects (0ms)
			CreateAndSetChildDomain (0ms)
		EndReloadAssembly (375ms)
			LoadAssemblies (76ms)
			RebuildTransferFunctionScriptingTraits (0ms)
			SetupTypeCache (90ms)
			ReleaseScriptCaches (0ms)
			RebuildScriptCaches (24ms)
			SetupLoadedEditorAssemblies (221ms)
				LogAssemblyErrors (0ms)
				InitializePlatformSupportModulesInManaged (8ms)
				SetLoadedEditorAssemblies (0ms)
				RefreshPlugins (56ms)
				BeforeProcessingInitializeOnLoad (1ms)
				ProcessInitializeOnLoadAttributes (115ms)
				ProcessInitializeOnLoadMethodAttributes (41ms)
				AfterProcessingInitializeOnLoad (0ms)
				EditorAssembliesLoaded (0ms)
			ExecutionOrderSort2 (0ms)
			AwakeInstancesAfterBackupRestoration (0ms)
Platform modules already initialized, skipping
Registering precompiled user dll's ...
Registered in 0.006356 seconds.
Begin MonoManager ReloadAssembly
Native extension for WindowsStandalone target not found
Refreshing native plugins compatible for Editor in 0.77 ms, found 3 plugins.
Preloading 0 native plugins for Editor in 0.00 ms.
Package Manager log level set to [2]
[Package Manager] Server::EnsureServerProcessIsRunning -- launch failed, reason: Unity was launched with the -noUpm command-line argument
[Package Manager] Cannot connect to Unity Package Manager local server
Mono: successfully reloaded assembly
- Completed reload, in  1.251 seconds
Domain Reload Profiling:
	ReloadAssembly (1252ms)
		BeginReloadAssembly (120ms)
			ExecutionOrderSort (0ms)
			DisableScriptedObjects (6ms)
			BackupInstance (0ms)
			ReleaseScriptingObjects (0ms)
			CreateAndSetChildDomain (18ms)
		EndReloadAssembly (1034ms)
			LoadAssemblies (96ms)
			RebuildTransferFunctionScriptingTraits (0ms)
			SetupTypeCache (219ms)
			ReleaseScriptCaches (1ms)
			RebuildScriptCaches (43ms)
			SetupLoadedEditorAssemblies (667ms)
				LogAssemblyErrors (0ms)
				InitializePlatformSupportModulesInManaged (5ms)
				SetLoadedEditorAssemblies (1ms)
				RefreshPlugins (1ms)
				BeforeProcessingInitializeOnLoad (71ms)
				ProcessInitializeOnLoadAttributes (560ms)
				ProcessInitializeOnLoadMethodAttributes (21ms)
				AfterProcessingInitializeOnLoad (9ms)
				EditorAssembliesLoaded (0ms)
			ExecutionOrderSort2 (0ms)
			AwakeInstancesAfterBackupRestoration (6ms)
Platform modules already initialized, skipping
========================================================================
Worker process is ready to serve import requests
Launched and connected shader compiler UnityShaderCompiler.exe after 0.03 seconds
Refreshing native plugins compatible for Editor in 0.44 ms, found 3 plugins.
Preloading 0 native plugins for Editor in 0.00 ms.
Unloading 3087 Unused Serialized files (Serialized files now loaded: 0)
Unloading 23 unused Assets / (46.3 KB). Loaded Objects now: 3550.
Memory consumption went from 109.9 MB to 109.8 MB.
Total: 1.974600 ms (FindLiveObjects: 0.152100 ms CreateObjectMapping: 0.040800 ms MarkObjects: 1.732300 ms  DeleteObjects: 0.048300 ms)

AssetImportParameters requested are different than current active one (requested -> active):
  custom:video-decoder-ogg-theora: a1e56fd34408186e4bbccfd4996cb3dc -> 
  custom:container-muxer-webm: aa71ff27fc2769a1b78a27578f13a17b -> 
  custom:container-demuxer-webm: 4f35f7cbe854078d1ac9338744f61a02 -> 
  custom:video-encoder-webm-vp8: eb34c28f22e8b96e1ab97ce403110664 -> 
  custom:CustomObjectIndexerAttribute: bc11b3a6c3213fcdd17b65e7da85e133 -> 
  custom:audio-encoder-webm-vorbis: bf7c407c2cedff20999df2af8eb42d56 -> 
  custom:framework-win-MediaFoundation: 216162199b28c13a410421893ffa2e32 -> 
  custom:SearchIndexIgnoredProperties: e643bd26f0fe6173181afceb89e7c659 -> 
  custom:container-demuxer-ogg: 62fdf1f143b41e24485cea50d1cbac27 -> 
  custom:video-decoder-webm-vp8: 9c59270c3fd7afecdb556c50c9e8de78 -> 
  custom:audio-decoder-ogg-vorbis: bf7c407c2cedff20999df2af8eb42d56 -> 
========================================================================
Received Import Request.
  Time since last request: 268430.119532 seconds.
  path: Assets/LowlyPoly
  artifactKey: Guid(e7f3f73befdf93b4eae12c70f084c990) Importer(815301076,1909f56bfc062723c751e8b465ee728b)
Number of updated assets reloaded before import = 0
Start importing Assets/LowlyPoly using Guid(e7f3f73befdf93b4eae12c70f084c990) Importer(815301076,1909f56bfc062723c751e8b465ee728b)  -> (artifact id: 'e994f3263d89397463eb0b7f7133f267') in 0.009243 seconds 
Number of asset objects unloaded after import = 0
========================================================================
Received Import Request.
  Time since last request: 2.735792 seconds.
  path: Assets/LowlyPoly/Stylized Grass Texture/Materials
  artifactKey: Guid(855350d72edd5b546aba24877b32789a) Importer(815301076,1909f56bfc062723c751e8b465ee728b)
Number of updated assets reloaded before import = 0
Start importing Assets/LowlyPoly/Stylized Grass Texture/Materials using Guid(855350d72edd5b546aba24877b32789a) Importer(815301076,1909f56bfc062723c751e8b465ee728b)  -> (artifact id: '016e19b09b3027c75407df528b03f1a3') in 0.002654 seconds 
Number of asset objects unloaded after import = 0
========================================================================
Received Import Request.
  Time since last request: 0.068528 seconds.
  path: Assets/LowlyPoly/Stylized Grass Texture/Materials/Stylize_Grass.mat
  artifactKey: Guid(5d8af8f434f69794eabd684fb44b4fbf) Importer(815301076,1909f56bfc062723c751e8b465ee728b)
Number of updated assets reloaded before import = 0
Start importing Assets/LowlyPoly/Stylized Grass Texture/Materials/Stylize_Grass.mat using Guid(5d8af8f434f69794eabd684fb44b4fbf) Importer(815301076,1909f56bfc062723c751e8b465ee728b)  -> (artifact id: 'f1e1b9809ce0b1b332b5ba0810212354') in 0.268873 seconds 
Number of asset objects unloaded after import = 5
========================================================================
Received Import Request.
  Time since last request: 335.977755 seconds.
  path: Assets/Yoge/Textures
  artifactKey: Guid(b103182da9e32e04aa356300144159bd) Importer(815301076,1909f56bfc062723c751e8b465ee728b)
Number of updated assets reloaded before import = 0
Start importing Assets/Yoge/Textures using Guid(b103182da9e32e04aa356300144159bd) Importer(815301076,1909f56bfc062723c751e8b465ee728b)  -> (artifact id: '9dc8b86856145c0272bbae8f21911acd') in 0.002235 seconds 
Number of asset objects unloaded after import = 0
========================================================================
Received Import Request.
  Time since last request: 0.834558 seconds.
  path: Assets/Yoge/Textures/Stylized - Nature
  artifactKey: Guid(584b4711adcaa9a4d970ddb9f6eabc2d) Importer(815301076,1909f56bfc062723c751e8b465ee728b)
Number of updated assets reloaded before import = 0
Start importing Assets/Yoge/Textures/Stylized - Nature using Guid(584b4711adcaa9a4d970ddb9f6eabc2d) Importer(815301076,1909f56bfc062723c751e8b465ee728b)  -> (artifact id: 'df0bab75ef2dacc33e62cffef5dfb0c8') in 0.002431 seconds 
Number of asset objects unloaded after import = 0
========================================================================
Received Import Request.
  Time since last request: 0.037735 seconds.
  path: Assets/Yoge/Textures/Stylized - Nature/Texture_1_Diffuse.png
  artifactKey: Guid(5917067bbc97e6f48a8d61992e76b800) Importer(815301076,1909f56bfc062723c751e8b465ee728b)
Number of updated assets reloaded before import = 0
Start importing Assets/Yoge/Textures/Stylized - Nature/Texture_1_Diffuse.png using Guid(5917067bbc97e6f48a8d61992e76b800) Importer(815301076,1909f56bfc062723c751e8b465ee728b)  -> (artifact id: 'a8457a4d814682335e0c277e916be769') in 0.031171 seconds 
Number of asset objects unloaded after import = 2
========================================================================
Received Import Request.
  Time since last request: 0.011834 seconds.
  path: Assets/Yoge/Textures/Stylized - Nature/Texture_3_Diffuse.png
  artifactKey: Guid(5637c43a8ee8a904fa055484ab2ba9e5) Importer(815301076,1909f56bfc062723c751e8b465ee728b)
Number of updated assets reloaded before import = 0
Start importing Assets/Yoge/Textures/Stylized - Nature/Texture_3_Diffuse.png using Guid(5637c43a8ee8a904fa055484ab2ba9e5) Importer(815301076,1909f56bfc062723c751e8b465ee728b)  -> (artifact id: 'fd50a744856fab5aae4a0b87ecbce7e8') in 0.009914 seconds 
Number of asset objects unloaded after import = 2
========================================================================
Received Import Request.
  Time since last request: 0.002505 seconds.
  path: Assets/Yoge/Textures/Stylized - Nature/Texture_4_Diffuse.png
  artifactKey: Guid(591b358d32903f242b6c8003fd3fc1ec) Importer(815301076,1909f56bfc062723c751e8b465ee728b)
Number of updated assets reloaded before import = 0
Start importing Assets/Yoge/Textures/Stylized - Nature/Texture_4_Diffuse.png using Guid(591b358d32903f242b6c8003fd3fc1ec) Importer(815301076,1909f56bfc062723c751e8b465ee728b)  -> (artifact id: '148226c5d75c357f658f87712994de12') in 0.010016 seconds 
Number of asset objects unloaded after import = 2
========================================================================
Received Import Request.
  Time since last request: 0.003270 seconds.
  path: Assets/Yoge/Textures/Stylized - Nature/Texture_5_1_Normal.png
  artifactKey: Guid(0dcb10f767cee614aacfae764787492c) Importer(815301076,1909f56bfc062723c751e8b465ee728b)
Number of updated assets reloaded before import = 0
Start importing Assets/Yoge/Textures/Stylized - Nature/Texture_5_1_Normal.png using Guid(0dcb10f767cee614aacfae764787492c) Importer(815301076,1909f56bfc062723c751e8b465ee728b)  -> (artifact id: '7d475cf7014841d98986558bdf53da88') in 0.017325 seconds 
Number of asset objects unloaded after import = 2
========================================================================
Received Import Request.
  Time since last request: 0.000026 seconds.
  path: Assets/Yoge/Textures/Stylized - Nature/Texture_9_Diffuse.png
  artifactKey: Guid(1be6a728ab0565f418995ebec0a2b291) Importer(815301076,1909f56bfc062723c751e8b465ee728b)
Number of updated assets reloaded before import = 0
Start importing Assets/Yoge/Textures/Stylized - Nature/Texture_9_Diffuse.png using Guid(1be6a728ab0565f418995ebec0a2b291) Importer(815301076,1909f56bfc062723c751e8b465ee728b)  -> (artifact id: 'f39781d737ef0072732f6f2dd45e43c0') in 0.009751 seconds 
Number of asset objects unloaded after import = 2
========================================================================
Received Import Request.
  Time since last request: 0.000021 seconds.
  path: Assets/Yoge/Textures/Stylized - Nature/Texture_4_Normal.png
  artifactKey: Guid(a8d5f5deb1f0aec4a9f2d040de3618fe) Importer(815301076,1909f56bfc062723c751e8b465ee728b)
Number of updated assets reloaded before import = 0
Start importing Assets/Yoge/Textures/Stylized - Nature/Texture_4_Normal.png using Guid(a8d5f5deb1f0aec4a9f2d040de3618fe) Importer(815301076,1909f56bfc062723c751e8b465ee728b)  -> (artifact id: 'b43f90dcf3e8b8442db5d5c172a5be3f') in 0.010683 seconds 
Number of asset objects unloaded after import = 2
========================================================================
Received Import Request.
  Time since last request: 0.000019 seconds.
  path: Assets/Yoge/Textures/Stylized - Nature/Texture_14_Normal.png
  artifactKey: Guid(0687c32702987e34498e1f6659dbcd9d) Importer(815301076,1909f56bfc062723c751e8b465ee728b)
Number of updated assets reloaded before import = 0
Start importing Assets/Yoge/Textures/Stylized - Nature/Texture_14_Normal.png using Guid(0687c32702987e34498e1f6659dbcd9d) Importer(815301076,1909f56bfc062723c751e8b465ee728b)  -> (artifact id: 'e6ff5426e22b4e08ff50fba0df5a7b39') in 0.011194 seconds 
Number of asset objects unloaded after import = 2
========================================================================
Received Import Request.
  Time since last request: 0.000021 seconds.
  path: Assets/Yoge/Textures/Stylized - Nature/Texture_13_Diffuse2.png
  artifactKey: Guid(7f5cff0009cec2a4dacb5a126e5c9570) Importer(815301076,1909f56bfc062723c751e8b465ee728b)
Number of updated assets reloaded before import = 0
Start importing Assets/Yoge/Textures/Stylized - Nature/Texture_13_Diffuse2.png using Guid(7f5cff0009cec2a4dacb5a126e5c9570) Importer(815301076,1909f56bfc062723c751e8b465ee728b)  -> (artifact id: 'd46a3d710268d87a86d830bd832ddd8f') in 0.009589 seconds 
Number of asset objects unloaded after import = 2
========================================================================
Received Import Request.
  Time since last request: 0.000020 seconds.
  path: Assets/Yoge/Textures/Stylized - Nature/Texture_11_Normal.png
  artifactKey: Guid(3349b197a1422a6428992e51663fc427) Importer(815301076,1909f56bfc062723c751e8b465ee728b)
Number of updated assets reloaded before import = 0
Start importing Assets/Yoge/Textures/Stylized - Nature/Texture_11_Normal.png using Guid(3349b197a1422a6428992e51663fc427) Importer(815301076,1909f56bfc062723c751e8b465ee728b)  -> (artifact id: '4365b3905cc6281da68bc38bb0a6dd45') in 0.010581 seconds 
Number of asset objects unloaded after import = 2
========================================================================
Received Import Request.
  Time since last request: 0.000034 seconds.
  path: Assets/Yoge/Textures/Stylized - Nature/Texture_8_Diffuse.png
  artifactKey: Guid(c4e25ba86bedca5438d41fd66a7687fe) Importer(815301076,1909f56bfc062723c751e8b465ee728b)
Number of updated assets reloaded before import = 0
Start importing Assets/Yoge/Textures/Stylized - Nature/Texture_8_Diffuse.png using Guid(c4e25ba86bedca5438d41fd66a7687fe) Importer(815301076,1909f56bfc062723c751e8b465ee728b)  -> (artifact id: '510c5b832907402d82fa327cccf2c9ea') in 0.009708 seconds 
Number of asset objects unloaded after import = 2
========================================================================
Received Import Request.
  Time since last request: 0.000020 seconds.
  path: Assets/Yoge/Textures/Stylized - Nature/Texture_3_Diffuse2.png
  artifactKey: Guid(8ce24c04b29621d4984d6a48493f12fa) Importer(815301076,1909f56bfc062723c751e8b465ee728b)
Number of updated assets reloaded before import = 0
Start importing Assets/Yoge/Textures/Stylized - Nature/Texture_3_Diffuse2.png using Guid(8ce24c04b29621d4984d6a48493f12fa) Importer(815301076,1909f56bfc062723c751e8b465ee728b)  -> (artifact id: '89ed1e68bab09f2995789d988cf039a9') in 0.009288 seconds 
Number of asset objects unloaded after import = 2
========================================================================
Received Import Request.
  Time since last request: 0.000022 seconds.
  path: Assets/Yoge/Textures/Stylized - Nature/Texture_14_Diffuse.png
  artifactKey: Guid(4939a689ef9addf49950ddbf947f1ea7) Importer(815301076,1909f56bfc062723c751e8b465ee728b)
Number of updated assets reloaded before import = 0
Start importing Assets/Yoge/Textures/Stylized - Nature/Texture_14_Diffuse.png using Guid(4939a689ef9addf49950ddbf947f1ea7) Importer(815301076,1909f56bfc062723c751e8b465ee728b)  -> (artifact id: 'fab134ab8c78c8203b72963609e9df28') in 0.009716 seconds 
Number of asset objects unloaded after import = 2
========================================================================
Received Import Request.
  Time since last request: 0.000017 seconds.
  path: Assets/Yoge/Textures/Stylized - Nature/Texture_2_Diffuse3.png
  artifactKey: Guid(87756ca91962c5e4daf14bbc608c1bec) Importer(815301076,1909f56bfc062723c751e8b465ee728b)
Number of updated assets reloaded before import = 0
Start importing Assets/Yoge/Textures/Stylized - Nature/Texture_2_Diffuse3.png using Guid(87756ca91962c5e4daf14bbc608c1bec) Importer(815301076,1909f56bfc062723c751e8b465ee728b)  -> (artifact id: 'a695f6b0db978cd935b25a1dadd11346') in 0.008953 seconds 
Number of asset objects unloaded after import = 2
========================================================================
Received Import Request.
  Time since last request: 0.000020 seconds.
  path: Assets/Yoge/Textures/Stylized - Nature/Texture_10_1_Diffuse.png
  artifactKey: Guid(f5b08884e8079c542b618a4659935aef) Importer(815301076,1909f56bfc062723c751e8b465ee728b)
Number of updated assets reloaded before import = 0
Start importing Assets/Yoge/Textures/Stylized - Nature/Texture_10_1_Diffuse.png using Guid(f5b08884e8079c542b618a4659935aef) Importer(815301076,1909f56bfc062723c751e8b465ee728b)  -> (artifact id: '3c2c594fc924f939a9d6fe67fee242f5') in 0.009229 seconds 
Number of asset objects unloaded after import = 2
========================================================================
Received Import Request.
  Time since last request: 0.000019 seconds.
  path: Assets/Yoge/Textures/Stylized - Nature/Texture_13_Diffuse.png
  artifactKey: Guid(ce538e869129a6642879293183e4717d) Importer(815301076,1909f56bfc062723c751e8b465ee728b)
Number of updated assets reloaded before import = 0
Start importing Assets/Yoge/Textures/Stylized - Nature/Texture_13_Diffuse.png using Guid(ce538e869129a6642879293183e4717d) Importer(815301076,1909f56bfc062723c751e8b465ee728b)  -> (artifact id: '173338439d4e60c1abefad3b5fd44e48') in 0.008877 seconds 
Number of asset objects unloaded after import = 2
========================================================================
Received Import Request.
  Time since last request: 0.000020 seconds.
  path: Assets/Yoge/Textures/Stylized - Nature/Texture_7_Normal.png
  artifactKey: Guid(d6e6cea87adfaa242be1056d4730f7ba) Importer(815301076,1909f56bfc062723c751e8b465ee728b)
Number of updated assets reloaded before import = 0
Start importing Assets/Yoge/Textures/Stylized - Nature/Texture_7_Normal.png using Guid(d6e6cea87adfaa242be1056d4730f7ba) Importer(815301076,1909f56bfc062723c751e8b465ee728b)  -> (artifact id: 'abd3ea36a3f0dc2a855a89a3490d42a1') in 0.009701 seconds 
Number of asset objects unloaded after import = 2
========================================================================
Received Import Request.
  Time since last request: 0.000015 seconds.
  path: Assets/Yoge/Textures/Stylized - Nature/Texture_10_2_Diffuse.png
  artifactKey: Guid(cd9580d00d77b81458a44e86ad63f315) Importer(815301076,1909f56bfc062723c751e8b465ee728b)
Number of updated assets reloaded before import = 0
Start importing Assets/Yoge/Textures/Stylized - Nature/Texture_10_2_Diffuse.png using Guid(cd9580d00d77b81458a44e86ad63f315) Importer(815301076,1909f56bfc062723c751e8b465ee728b)  -> (artifact id: 'f7ad7c20a79ef7cd393b525b403aae0f') in 0.009501 seconds 
Number of asset objects unloaded after import = 2
========================================================================
Received Import Request.
  Time since last request: 0.000019 seconds.
  path: Assets/Yoge/Textures/Stylized - Nature/Texture_13_Normal.png
  artifactKey: Guid(35c6d92837c619f4190e4f970ec26e04) Importer(815301076,1909f56bfc062723c751e8b465ee728b)
Number of updated assets reloaded before import = 0
Start importing Assets/Yoge/Textures/Stylized - Nature/Texture_13_Normal.png using Guid(35c6d92837c619f4190e4f970ec26e04) Importer(815301076,1909f56bfc062723c751e8b465ee728b)  -> (artifact id: 'bbf8cce8f3e03ecab9ed24cd69e2af2d') in 0.010121 seconds 
Number of asset objects unloaded after import = 2
========================================================================
Received Import Request.
  Time since last request: 0.000018 seconds.
  path: Assets/Yoge/Textures/Stylized - Nature/Texture_3_Diffuse3.png
  artifactKey: Guid(9287ca778582ede4892b9d209abb46f7) Importer(815301076,1909f56bfc062723c751e8b465ee728b)
Number of updated assets reloaded before import = 0
Start importing Assets/Yoge/Textures/Stylized - Nature/Texture_3_Diffuse3.png using Guid(9287ca778582ede4892b9d209abb46f7) Importer(815301076,1909f56bfc062723c751e8b465ee728b)  -> (artifact id: '7f33c27c5974622f95a5ace9151ac17f') in 0.008722 seconds 
Number of asset objects unloaded after import = 2
========================================================================
Received Import Request.
  Time since last request: 0.000016 seconds.
  path: Assets/Yoge/Textures/Stylized - Nature/Texture_15_Diffuse2.png
  artifactKey: Guid(9b40ad5e68ad380409966cc334cc6566) Importer(815301076,1909f56bfc062723c751e8b465ee728b)
Number of updated assets reloaded before import = 0
Start importing Assets/Yoge/Textures/Stylized - Nature/Texture_15_Diffuse2.png using Guid(9b40ad5e68ad380409966cc334cc6566) Importer(815301076,1909f56bfc062723c751e8b465ee728b)  -> (artifact id: '33f0e42e4a945875a570ceeb7f7fa937') in 0.009473 seconds 
Number of asset objects unloaded after import = 2
========================================================================
Received Import Request.
  Time since last request: 0.000016 seconds.
  path: Assets/Yoge/Textures/Stylized - Nature/Texture_1_Diffuse3.png
  artifactKey: Guid(2448760f70686634ca8706edb8f146a0) Importer(815301076,1909f56bfc062723c751e8b465ee728b)
Number of updated assets reloaded before import = 0
Start importing Assets/Yoge/Textures/Stylized - Nature/Texture_1_Diffuse3.png using Guid(2448760f70686634ca8706edb8f146a0) Importer(815301076,1909f56bfc062723c751e8b465ee728b)  -> (artifact id: 'ac6f51af263436b7f5986c8740b5ea07') in 0.009079 seconds 
Number of asset objects unloaded after import = 2
========================================================================
Received Import Request.
  Time since last request: 0.000017 seconds.
  path: Assets/Yoge/Textures/Stylized - Nature/Texture_6_Normal.png
  artifactKey: Guid(352c954c78aa76045a14f0b0fe803ec1) Importer(815301076,1909f56bfc062723c751e8b465ee728b)
Number of updated assets reloaded before import = 0
Start importing Assets/Yoge/Textures/Stylized - Nature/Texture_6_Normal.png using Guid(352c954c78aa76045a14f0b0fe803ec1) Importer(815301076,1909f56bfc062723c751e8b465ee728b)  -> (artifact id: '806c6eaa1ddaefaeeef7bcdc292997fc') in 0.010110 seconds 
Number of asset objects unloaded after import = 2
========================================================================
Received Import Request.
  Time since last request: 0.000015 seconds.
  path: Assets/Yoge/Textures/Stylized - Nature/Texture_7_Diffuse2.png
  artifactKey: Guid(6006b7323bd204842a403e46790f2aa5) Importer(815301076,1909f56bfc062723c751e8b465ee728b)
Number of updated assets reloaded before import = 0
Start importing Assets/Yoge/Textures/Stylized - Nature/Texture_7_Diffuse2.png using Guid(6006b7323bd204842a403e46790f2aa5) Importer(815301076,1909f56bfc062723c751e8b465ee728b)  -> (artifact id: '2b1d7bdf73a78f513d2c369aaee136de') in 0.009146 seconds 
Number of asset objects unloaded after import = 2
========================================================================
Received Import Request.
  Time since last request: 9.094329 seconds.
  path: Assets/Yoge/Textures/Stylized - Nature/Materials/Texture_1_Diffuse2.mat
  artifactKey: Guid(d65474bcfca68fb4ca04c0ed2506644d) Importer(815301076,1909f56bfc062723c751e8b465ee728b)
Number of updated assets reloaded before import = 0
Start importing Assets/Yoge/Textures/Stylized - Nature/Materials/Texture_1_Diffuse2.mat using Guid(d65474bcfca68fb4ca04c0ed2506644d) Importer(815301076,1909f56bfc062723c751e8b465ee728b)  -> (artifact id: '58c2ce4b0ecccce1a54c8df7f86c21b0') in 0.158312 seconds 
Number of asset objects unloaded after import = 3
========================================================================
Received Import Request.
  Time since last request: 0.000016 seconds.
  path: Assets/Yoge/Textures/Stylized - Nature/Materials/Texture_7_Diffuse.mat
  artifactKey: Guid(68a7a76c9e0084640808cd95537065da) Importer(815301076,1909f56bfc062723c751e8b465ee728b)
Number of updated assets reloaded before import = 0
Start importing Assets/Yoge/Textures/Stylized - Nature/Materials/Texture_7_Diffuse.mat using Guid(68a7a76c9e0084640808cd95537065da) Importer(815301076,1909f56bfc062723c751e8b465ee728b)  -> (artifact id: 'ce77723ce7d1c4031c5db3d0e3b0aa4d') in 0.011793 seconds 
Number of asset objects unloaded after import = 3
========================================================================
Received Import Request.
  Time since last request: 0.000020 seconds.
  path: Assets/Yoge/Textures/Stylized - Nature/Materials/Texture_6_Diffuse.mat
  artifactKey: Guid(de84bd5ff6010b3449adf2fe0be3198c) Importer(815301076,1909f56bfc062723c751e8b465ee728b)
Number of updated assets reloaded before import = 0
Start importing Assets/Yoge/Textures/Stylized - Nature/Materials/Texture_6_Diffuse.mat using Guid(de84bd5ff6010b3449adf2fe0be3198c) Importer(815301076,1909f56bfc062723c751e8b465ee728b)  -> (artifact id: '3b6af4b69a449416aa3cc20a9b68d2ef') in 0.014408 seconds 
Number of asset objects unloaded after import = 3
========================================================================
Received Import Request.
  Time since last request: 0.000015 seconds.
  path: Assets/Yoge/Textures/Stylized - Nature/Materials/Texture_8_Diffuse.mat
  artifactKey: Guid(e6e3d820c977e254298d67850d210df0) Importer(815301076,1909f56bfc062723c751e8b465ee728b)
Number of updated assets reloaded before import = 0
Start importing Assets/Yoge/Textures/Stylized - Nature/Materials/Texture_8_Diffuse.mat using Guid(e6e3d820c977e254298d67850d210df0) Importer(815301076,1909f56bfc062723c751e8b465ee728b)  -> (artifact id: 'c19aafd90f5d60db79af641b7debce11') in 0.016274 seconds 
Number of asset objects unloaded after import = 3
========================================================================
Received Import Request.
  Time since last request: 0.000014 seconds.
  path: Assets/Yoge/Textures/Stylized - Nature/Materials/Texture_13_Diffuse2.mat
  artifactKey: Guid(c6e94df7bb432d243866168219013fdd) Importer(815301076,1909f56bfc062723c751e8b465ee728b)
Number of updated assets reloaded before import = 0
Start importing Assets/Yoge/Textures/Stylized - Nature/Materials/Texture_13_Diffuse2.mat using Guid(c6e94df7bb432d243866168219013fdd) Importer(815301076,1909f56bfc062723c751e8b465ee728b)  -> (artifact id: '8f61638a14e9c08ff5b747b4a6852be6') in 0.020838 seconds 
Number of asset objects unloaded after import = 3
========================================================================
Received Import Request.
  Time since last request: 0.000017 seconds.
  path: Assets/Yoge/Textures/Stylized - Nature/Materials/Texture_3_Diffuse3.mat
  artifactKey: Guid(ec4cc78bb10988c4a936e1ab7c494927) Importer(815301076,1909f56bfc062723c751e8b465ee728b)
Number of updated assets reloaded before import = 0
Start importing Assets/Yoge/Textures/Stylized - Nature/Materials/Texture_3_Diffuse3.mat using Guid(ec4cc78bb10988c4a936e1ab7c494927) Importer(815301076,1909f56bfc062723c751e8b465ee728b)  -> (artifact id: '235941cb538d0f0ab6e9d4d98df014df') in 0.016943 seconds 
Number of asset objects unloaded after import = 3
========================================================================
Received Import Request.
  Time since last request: 0.000018 seconds.
  path: Assets/Yoge/Textures/Stylized - Nature/Materials/Texture_6_Diffuse2.mat
  artifactKey: Guid(74c5aaec60fdef644aa7b903211806db) Importer(815301076,1909f56bfc062723c751e8b465ee728b)
Number of updated assets reloaded before import = 0
Start importing Assets/Yoge/Textures/Stylized - Nature/Materials/Texture_6_Diffuse2.mat using Guid(74c5aaec60fdef644aa7b903211806db) Importer(815301076,1909f56bfc062723c751e8b465ee728b)  -> (artifact id: '91fe0f54a40a3c7673174cd8dd59b550') in 0.027477 seconds 
Number of asset objects unloaded after import = 3
========================================================================
Received Import Request.
  Time since last request: 0.000019 seconds.
  path: Assets/Yoge/Textures/Stylized - Nature/Materials/Texture_15_Diffuse.mat
  artifactKey: Guid(917b9a155b5245c4abef1b75818fa7f8) Importer(815301076,1909f56bfc062723c751e8b465ee728b)
Number of updated assets reloaded before import = 0
Start importing Assets/Yoge/Textures/Stylized - Nature/Materials/Texture_15_Diffuse.mat using Guid(917b9a155b5245c4abef1b75818fa7f8) Importer(815301076,1909f56bfc062723c751e8b465ee728b)  -> (artifact id: 'ac9aaea9ac68f744b8c0aa86613bfaed') in 0.018042 seconds 
Number of asset objects unloaded after import = 3
========================================================================
Received Import Request.
  Time since last request: 0.000017 seconds.
  path: Assets/Yoge/Textures/Stylized - Nature/Materials/Texture_13_Diffuse.mat
  artifactKey: Guid(abf4f30414fd14b40a8e51e3ddc21f6b) Importer(815301076,1909f56bfc062723c751e8b465ee728b)
Number of updated assets reloaded before import = 0
Start importing Assets/Yoge/Textures/Stylized - Nature/Materials/Texture_13_Diffuse.mat using Guid(abf4f30414fd14b40a8e51e3ddc21f6b) Importer(815301076,1909f56bfc062723c751e8b465ee728b)  -> (artifact id: '00173468266e60ab5bab73b52d278dd9') in 0.048764 seconds 
Number of asset objects unloaded after import = 3
Editor requested this worker to shutdown with reason: Scaling down because of idle timeout
AssetImportWorker is now disconnected from the server
Process exiting
Exiting without the bug reporter. Application will terminate with return code 0